# JRE version: Java(TM) SE Runtime Environment (15.0.2+7) (build 15.0.2+7-27)
# Java VM: Java HotSpot(TM) 64-Bit Server VM (15.0.2+7-27, mixed mode, sharing, tiered, compressed oops, g1 gc, windows-amd64)
GC Precious Log:
 CPUs: 8 total, 8 available
 Memory: 12014M
 Large Page Support: Disabled
 NUMA Support: Disabled
 Compressed Oops: Enabled (32-bit)
 Heap Region Size: 1M
 Heap Min Capacity: 256M
 Heap Initial Capacity: 256M
 Heap Max Capacity: 512M
 Pre-touch: Disabled
 Parallel Workers: 8
 Concurrent Workers: 2
 Concurrent Refinement Workers: 8
 Periodic GC: Disabled
Heap:
 garbage-first heap   total 270336K, used 160509K [0x00000000e0000000, 0x0000000100000000)
  region size 1024K, 73 young (74752K), 6 survivors (6144K)
 Metaspace       used 62645K, capacity 63799K, committed 64136K, reserved 311296K
  class space    used 7907K, capacity 8210K, committed 8320K, reserved 253952K
GC Heap History (20 events):
Event: 13.303 GC heap before
{Heap before GC invocations=35 (full 0):
 garbage-first heap   total 274432K, used 227743K [0x00000000e0000000, 0x0000000100000000)
  region size 1024K, 160 young (163840K), 12 survivors (12288K)
 Metaspace       used 36126K, capacity 36870K, committed 37072K, reserved 286720K
  class space    used 4698K, capacity 4945K, committed 4992K, reserved 253952K
}
Event: 13.307 GC heap after
{Heap after GC invocations=36 (full 0):
 garbage-first heap   total 274432K, used 66306K [0x00000000e0000000, 0x0000000100000000)
  region size 1024K, 6 young (6144K), 6 survivors (6144K)
 Metaspace       used 36126K, capacity 36870K, committed 37072K, reserved 286720K
  class space    used 4698K, capacity 4945K, committed 4992K, reserved 253952K
}
Event: 13.570 GC heap before
{Heap before GC invocations=36 (full 0):
 garbage-first heap   total 274432K, used 224002K [0x00000000e0000000, 0x0000000100000000)
  region size 1024K, 160 young (163840K), 6 survivors (6144K)
 Metaspace       used 36126K, capacity 36870K, committed 37072K, reserved 286720K
  class space    used 4698K, capacity 4945K, committed 4992K, reserved 253952K
}
Event: 13.574 GC heap after
{Heap after GC invocations=37 (full 0):
 garbage-first heap   total 274432K, used 67570K [0x00000000e0000000, 0x0000000100000000)
  region size 1024K, 7 young (7168K), 7 survivors (7168K)
 Metaspace       used 36126K, capacity 36870K, committed 37072K, reserved 286720K
  class space    used 4698K, capacity 4945K, committed 4992K, reserved 253952K
}
Event: 13.797 GC heap before
{Heap before GC invocations=37 (full 0):
 garbage-first heap   total 274432K, used 224242K [0x00000000e0000000, 0x0000000100000000)
  region size 1024K, 160 young (163840K), 7 survivors (7168K)
 Metaspace       used 36129K, capacity 36870K, committed 37072K, reserved 286720K
  class space    used 4698K, capacity 4945K, committed 4992K, reserved 253952K
}
Event: 13.801 GC heap after
{Heap after GC invocations=38 (full 0):
 garbage-first heap   total 274432K, used 69618K [0x00000000e0000000, 0x0000000100000000)
  region size 1024K, 9 young (9216K), 9 survivors (9216K)
 Metaspace       used 36129K, capacity 36870K, committed 37072K, reserved 286720K
  class space    used 4698K, capacity 4945K, committed 4992K, reserved 253952K
}
Event: 14.190 GC heap before
{Heap before GC invocations=38 (full 0):
 garbage-first heap   total 274432K, used 227314K [0x00000000e0000000, 0x0000000100000000)
  region size 1024K, 160 young (163840K), 9 survivors (9216K)
 Metaspace       used 36139K, capacity 36870K, committed 37072K, reserved 286720K
  class space    used 4698K, capacity 4945K, committed 4992K, reserved 253952K
}
Event: 14.192 GC heap after
{Heap after GC invocations=39 (full 0):
 garbage-first heap   total 274432K, used 63398K [0x00000000e0000000, 0x0000000100000000)
  region size 1024K, 4 young (4096K), 4 survivors (4096K)
 Metaspace       used 36139K, capacity 36870K, committed 37072K, reserved 286720K
  class space    used 4698K, capacity 4945K, committed 4992K, reserved 253952K
}
Event: 14.419 GC heap before
{Heap before GC invocations=39 (full 0):
 garbage-first heap   total 274432K, used 223142K [0x00000000e0000000, 0x0000000100000000)
  region size 1024K, 160 young (163840K), 4 survivors (4096K)
 Metaspace       used 36139K, capacity 36870K, committed 37072K, reserved 286720K
  class space    used 4698K, capacity 4945K, committed 4992K, reserved 253952K
}
Event: 14.423 GC heap after
{Heap after GC invocations=40 (full 0):
 garbage-first heap   total 274432K, used 65382K [0x00000000e0000000, 0x0000000100000000)
  region size 1024K, 6 young (6144K), 6 survivors (6144K)
 Metaspace       used 36139K, capacity 36870K, committed 37072K, reserved 286720K
  class space    used 4698K, capacity 4945K, committed 4992K, reserved 253952K
}
Event: 14.670 GC heap before
{Heap before GC invocations=40 (full 0):
 garbage-first heap   total 274432K, used 224102K [0x00000000e0000000, 0x0000000100000000)
  region size 1024K, 160 young (163840K), 6 survivors (6144K)
 Metaspace       used 36140K, capacity 36870K, committed 37072K, reserved 286720K
  class space    used 4698K, capacity 4945K, committed 4992K, reserved 253952K
}
Event: 14.672 GC heap after
{Heap after GC invocations=41 (full 0):
 garbage-first heap   total 274432K, used 61193K [0x00000000e0000000, 0x0000000100000000)
  region size 1024K, 4 young (4096K), 4 survivors (4096K)
 Metaspace       used 36140K, capacity 36870K, committed 37072K, reserved 286720K
  class space    used 4698K, capacity 4945K, committed 4992K, reserved 253952K
}
Event: 23.682 GC heap before
{Heap before GC invocations=41 (full 0):
 garbage-first heap   total 274432K, used 229129K [0x00000000e0000000, 0x0000000100000000)
  region size 1024K, 160 young (163840K), 4 survivors (4096K)
 Metaspace       used 51711K, capacity 52687K, committed 52944K, reserved 301056K
  class space    used 6551K, capacity 6782K, committed 6784K, reserved 253952K
}
Event: 23.692 GC heap after
{Heap after GC invocations=42 (full 0):
 garbage-first heap   total 274432K, used 77346K [0x00000000e0000000, 0x0000000100000000)
  region size 1024K, 12 young (12288K), 12 survivors (12288K)
 Metaspace       used 51711K, capacity 52687K, committed 52944K, reserved 301056K
  class space    used 6551K, capacity 6782K, committed 6784K, reserved 253952K
}
Event: 57.235 GC heap before
{Heap before GC invocations=42 (full 0):
 garbage-first heap   total 274432K, used 227874K [0x00000000e0000000, 0x0000000100000000)
  region size 1024K, 160 young (163840K), 12 survivors (12288K)
 Metaspace       used 53402K, capacity 54353K, committed 54608K, reserved 303104K
  class space    used 6631K, capacity 6882K, committed 6912K, reserved 253952K
}
Event: 57.242 GC heap after
{Heap after GC invocations=43 (full 0):
 garbage-first heap   total 274432K, used 80159K [0x00000000e0000000, 0x0000000100000000)
  region size 1024K, 14 young (14336K), 14 survivors (14336K)
 Metaspace       used 53402K, capacity 54353K, committed 54608K, reserved 303104K
  class space    used 6631K, capacity 6882K, committed 6912K, reserved 253952K
}
Event: 57.386 GC heap before
{Heap before GC invocations=43 (full 0):
 garbage-first heap   total 274432K, used 229663K [0x00000000e0000000, 0x0000000100000000)
  region size 1024K, 160 young (163840K), 14 survivors (14336K)
 Metaspace       used 53412K, capacity 54353K, committed 54608K, reserved 303104K
  class space    used 6633K, capacity 6882K, committed 6912K, reserved 253952K
}
Event: 57.391 GC heap after
{Heap after GC invocations=44 (full 0):
 garbage-first heap   total 274432K, used 78909K [0x00000000e0000000, 0x0000000100000000)
  region size 1024K, 3 young (3072K), 3 survivors (3072K)
 Metaspace       used 53412K, capacity 54353K, committed 54608K, reserved 303104K
  class space    used 6633K, capacity 6882K, committed 6912K, reserved 253952K
}
Event: 58.575 GC heap before
{Heap before GC invocations=44 (full 0):
 garbage-first heap   total 274432K, used 223293K [0x00000000e0000000, 0x0000000100000000)
  region size 1024K, 146 young (149504K), 3 survivors (3072K)
 Metaspace       used 59043K, capacity 60103K, committed 60296K, reserved 307200K
  class space    used 7429K, capacity 7734K, committed 7808K, reserved 253952K
}
Event: 58.581 GC heap after
{Heap after GC invocations=45 (full 0):
 garbage-first heap   total 274432K, used 82685K [0x00000000e0000000, 0x0000000100000000)
  region size 1024K, 6 young (6144K), 6 survivors (6144K)
 Metaspace       used 59043K, capacity 60103K, committed 60296K, reserved 307200K
  class space    used 7429K, capacity 7734K, committed 7808K, reserved 253952K
}

