# JRE version: Java(TM) SE Runtime Environment (15.0.2+7) (build 15.0.2+7-27)
# Java VM: Java HotSpot(TM) 64-Bit Server VM (15.0.2+7-27, mixed mode, sharing, tiered, compressed oops, g1 gc, windows-amd64)
GC Precious Log:
 CPUs: 8 total, 8 available
 Memory: 12014M
 Large Page Support: Disabled
 NUMA Support: Disabled
 Compressed Oops: Enabled (32-bit)
 Heap Region Size: 1M
 Heap Min Capacity: 256M
 Heap Initial Capacity: 256M
 Heap Max Capacity: 512M
 Pre-touch: Disabled
 Parallel Workers: 8
 Concurrent Workers: 2
 Concurrent Refinement Workers: 8
 Periodic GC: Disabled
Heap:
 garbage-first heap   total 262144K, used 150964K [0x00000000e0000000, 0x0000000100000000)
  region size 1024K, 110 young (112640K), 9 survivors (9216K)
 Metaspace       used 35660K, capacity 36364K, committed 36560K, reserved 286720K
  class space    used 4657K, capacity 4869K, committed 4940K, reserved 253952K
GC Heap History (10 events):
Event: 0.472 GC heap before
{Heap before GC invocations=0 (full 0):
 garbage-first heap   total 262144K, used 28672K [0x00000000e0000000, 0x0000000100000000)
  region size 1024K, 23 young (23552K), 0 survivors (0K)
 Metaspace       used 3924K, capacity 6533K, committed 6656K, reserved 262144K
  class space    used 479K, capacity 727K, committed 768K, reserved 253952K
}
Event: 0.475 GC heap after
{Heap after GC invocations=1 (full 0):
 garbage-first heap   total 262144K, used 8635K [0x00000000e0000000, 0x0000000100000000)
  region size 1024K, 3 young (3072K), 3 survivors (3072K)
 Metaspace       used 3924K, capacity 6533K, committed 6656K, reserved 262144K
  class space    used 479K, capacity 727K, committed 768K, reserved 253952K
}
Event: 0.695 GC heap before
{Heap before GC invocations=1 (full 0):
 garbage-first heap   total 262144K, used 35259K [0x00000000e0000000, 0x0000000100000000)
  region size 1024K, 30 young (30720K), 3 survivors (3072K)
 Metaspace       used 4407K, capacity 6909K, committed 7040K, reserved 262144K
  class space    used 562K, capacity 831K, committed 896K, reserved 253952K
}
Event: 0.698 GC heap after
{Heap after GC invocations=2 (full 0):
 garbage-first heap   total 262144K, used 12827K [0x00000000e0000000, 0x0000000100000000)
  region size 1024K, 4 young (4096K), 4 survivors (4096K)
 Metaspace       used 4407K, capacity 6909K, committed 7040K, reserved 262144K
  class space    used 562K, capacity 831K, committed 896K, reserved 253952K
}
Event: 4.085 GC heap before
{Heap before GC invocations=2 (full 0):
 garbage-first heap   total 262144K, used 119323K [0x00000000e0000000, 0x0000000100000000)
  region size 1024K, 95 young (97280K), 4 survivors (4096K)
 Metaspace       used 20648K, capacity 21181K, committed 21296K, reserved 272384K
  class space    used 2998K, capacity 3188K, committed 3200K, reserved 253952K
}
Event: 4.094 GC heap after
{Heap after GC invocations=3 (full 0):
 garbage-first heap   total 262144K, used 35845K [0x00000000e0000000, 0x0000000100000000)
  region size 1024K, 13 young (13312K), 13 survivors (13312K)
 Metaspace       used 20648K, capacity 21181K, committed 21296K, reserved 272384K
  class space    used 2998K, capacity 3188K, committed 3200K, reserved 253952K
}
Event: 5.459 GC heap before
{Heap before GC invocations=4 (full 0):
 garbage-first heap   total 262144K, used 117765K [0x00000000e0000000, 0x0000000100000000)
  region size 1024K, 88 young (90112K), 13 survivors (13312K)
 Metaspace       used 35288K, capacity 35916K, committed 36048K, reserved 286720K
  class space    used 4650K, capacity 4869K, committed 4940K, reserved 253952K
}
Event: 5.467 GC heap after
{Heap after GC invocations=5 (full 0):
 garbage-first heap   total 262144K, used 46641K [0x00000000e0000000, 0x0000000100000000)
  region size 1024K, 15 young (15360K), 15 survivors (15360K)
 Metaspace       used 35288K, capacity 35916K, committed 36048K, reserved 286720K
  class space    used 4650K, capacity 4869K, committed 4940K, reserved 253952K
}
Event: 5.881 GC heap before
{Heap before GC invocations=6 (full 0):
 garbage-first heap   total 262144K, used 193073K [0x00000000e0000000, 0x0000000100000000)
  region size 1024K, 153 young (156672K), 15 survivors (15360K)
 Metaspace       used 35659K, capacity 36364K, committed 36560K, reserved 286720K
  class space    used 4657K, capacity 4869K, committed 4940K, reserved 253952K
}
Event: 5.890 GC heap after
{Heap after GC invocations=7 (full 0):
 garbage-first heap   total 262144K, used 48564K [0x00000000e0000000, 0x0000000100000000)
  region size 1024K, 9 young (9216K), 9 survivors (9216K)
 Metaspace       used 35659K, capacity 36364K, committed 36560K, reserved 286720K
  class space    used 4657K, capacity 4869K, committed 4940K, reserved 253952K
}

