# JRE version: Java(TM) SE Runtime Environment (15.0.2+7) (build 15.0.2+7-27)
# Java VM: Java HotSpot(TM) 64-Bit Server VM (15.0.2+7-27, mixed mode, sharing, tiered, compressed oops, g1 gc, windows-amd64)
GC Precious Log:
 CPUs: 8 total, 8 available
 Memory: 12014M
 Large Page Support: Disabled
 NUMA Support: Disabled
 Compressed Oops: Enabled (32-bit)
 Heap Region Size: 1M
 Heap Min Capacity: 256M
 Heap Initial Capacity: 256M
 Heap Max Capacity: 512M
 Pre-touch: Disabled
 Parallel Workers: 8
 Concurrent Workers: 2
 Concurrent Refinement Workers: 8
 Periodic GC: Disabled
Heap:
 garbage-first heap   total 262144K, used 88744K [0x00000000e0000000, 0x0000000100000000)
  region size 1024K, 77 young (78848K), 10 survivors (10240K)
 Metaspace       used 33037K, capacity 33635K, committed 33840K, reserved 284672K
  class space    used 4231K, capacity 4425K, committed 4480K, reserved 253952K
GC Heap History (6 events):
Event: 0.458 GC heap before
{Heap before GC invocations=0 (full 0):
 garbage-first heap   total 262144K, used 28672K [0x00000000e0000000, 0x0000000100000000)
  region size 1024K, 23 young (23552K), 0 survivors (0K)
 Metaspace       used 3905K, capacity 6533K, committed 6656K, reserved 262144K
  class space    used 480K, capacity 727K, committed 768K, reserved 253952K
}
Event: 0.463 GC heap after
{Heap after GC invocations=1 (full 0):
 garbage-first heap   total 262144K, used 8765K [0x00000000e0000000, 0x0000000100000000)
  region size 1024K, 3 young (3072K), 3 survivors (3072K)
 Metaspace       used 3905K, capacity 6533K, committed 6656K, reserved 262144K
  class space    used 480K, capacity 727K, committed 768K, reserved 253952K
}
Event: 0.671 GC heap before
{Heap before GC invocations=1 (full 0):
 garbage-first heap   total 262144K, used 35389K [0x00000000e0000000, 0x0000000100000000)
  region size 1024K, 30 young (30720K), 3 survivors (3072K)
 Metaspace       used 4384K, capacity 6909K, committed 7040K, reserved 262144K
  class space    used 562K, capacity 831K, committed 896K, reserved 253952K
}
Event: 0.675 GC heap after
{Heap after GC invocations=2 (full 0):
 garbage-first heap   total 262144K, used 13274K [0x00000000e0000000, 0x0000000100000000)
  region size 1024K, 4 young (4096K), 4 survivors (4096K)
 Metaspace       used 4384K, capacity 6909K, committed 7040K, reserved 262144K
  class space    used 562K, capacity 831K, committed 896K, reserved 253952K
}
Event: 2.178 GC heap before
{Heap before GC invocations=2 (full 0):
 garbage-first heap   total 262144K, used 93146K [0x00000000e0000000, 0x0000000100000000)
  region size 1024K, 83 young (84992K), 4 survivors (4096K)
 Metaspace       used 20717K, capacity 21168K, committed 21296K, reserved 272384K
  class space    used 3022K, capacity 3175K, committed 3200K, reserved 253952K
}
Event: 2.185 GC heap after
{Heap after GC invocations=3 (full 0):
 garbage-first heap   total 262144K, used 19112K [0x00000000e0000000, 0x0000000100000000)
  region size 1024K, 10 young (10240K), 10 survivors (10240K)
 Metaspace       used 20717K, capacity 21168K, committed 21296K, reserved 272384K
  class space    used 3022K, capacity 3175K, committed 3200K, reserved 253952K
}

